2013/04/30 15:05:04 SITE_ID：11 error:get the lastmod data 
2013/04/30 15:05:06 SITE_ID：11 error:get the lastmod data 
2013/04/30 15:06:54 SITE_ID：11 error:get the lastmod data 
2013/04/30 15:19:05 SITE_ID：11 error:get the lastmod data 
2013/04/30 15:21:02 SITE_ID：11 execute
2013/09/28 20:42:32 SITE_ID：11 execute
2013/09/30 19:24:20 SITE_ID：11 execute
2015/09/11 18:40:06 SITE_ID：11 execute
2015/09/11 18:43:19 SITE_ID：11 execute
2015/09/11 18:45:37 SITE_ID：11 execute
2015/09/12 18:41:26 SITE_ID：11 execute
2015/10/05 15:32:57 SITE_ID：11 execute
2015/12/09 22:09:35 SITE_ID：11 execute
2016/01/16 17:54:08 SITE_ID：11 stop:not update
2016/01/19 18:50:50 SITE_ID：11 error:top.html fputs execute
2016/01/19 18:51:09 SITE_ID：11 stop:not update
2016/01/19 18:51:27 SITE_ID：11 stop:not update
2016/01/19 18:51:29 SITE_ID：11 stop:not update
2016/01/19 18:51:41 SITE_ID：11 stop:not update
2016/01/19 18:51:58 SITE_ID：11 stop:not update
2016/01/19 18:52:00 SITE_ID：11 stop:not update
2016/01/19 18:52:42 SITE_ID：11 error:top.html fputs execute
2016/01/19 18:53:01 SITE_ID：11 stop:not update
2016/01/19 19:13:44 SITE_ID：11 stop:not update
2016/01/19 19:14:28 SITE_ID：11 error:top.html fputs execute
2016/01/23 19:12:46 SITE_ID：11 stop:not update
2016/01/23 19:14:19 SITE_ID：11 stop:not update
2016/01/23 19:14:21 SITE_ID：11 stop:not update
2016/01/23 19:14:35 SITE_ID：11 execute
2016/05/02 16:23:03 SITE_ID：11 execute
2016/05/02 16:53:44 SITE_ID：11 execute
2016/05/02 17:05:17 SITE_ID：11 execute
2016/05/10 13:36:27 SITE_ID：11 execute
2016/05/10 13:40:28 SITE_ID：11 execute
2016/05/10 13:41:18 SITE_ID：11 execute
2016/05/10 13:42:14 SITE_ID：11 stop:not update
2016/05/10 13:44:20 SITE_ID：11 stop:not update
2016/05/10 13:44:52 SITE_ID：11 execute
2016/05/10 13:46:42 SITE_ID：11 stop:not update
2016/05/10 13:46:56 SITE_ID：11 execute
2016/05/10 13:57:52 SITE_ID：11 execute
2016/05/10 13:58:11 SITE_ID：11 execute
2016/05/10 13:59:25 SITE_ID：11 execute
2016/05/18 11:41:52 SITE_ID：11 stop:not update
2016/05/18 11:41:56 SITE_ID：11 stop:not update
2016/07/01 21:30:28 SITE_ID：11 error:top.html fputs execute
2016/07/01 23:01:48 SITE_ID：11 error:top.html fputs execute
2016/07/01 23:21:13 SITE_ID：11 error:top.html fputs execute
2016/07/08 11:00:54 SITE_ID：11 execute
2016/07/08 11:08:39 SITE_ID：11 stop:not update
2016/07/08 11:09:25 SITE_ID：11 execute
2016/07/08 11:43:17 SITE_ID：11 execute
2016/07/08 11:56:00 SITE_ID：11 execute
2016/07/08 14:34:54 SITE_ID：11 execute
2016/07/23 18:38:09 SITE_ID：11 error:top.html fputs execute
2016/11/12 20:14:44 SITE_ID：11 execute
2016/11/30 17:45:01 SITE_ID：11 stop:not update
2016/12/02 14:31:53 SITE_ID：11 execute
2017/01/10 12:56:05 SITE_ID：19 error:get the lastmod data 
2017/01/10 13:26:36 SITE_ID：19 execute
2017/01/10 13:37:16 SITE_ID：19 stop:not update
2017/01/10 13:37:59 SITE_ID：19 execute
2017/01/10 13:41:59 SITE_ID：19 execute
2019/04/14 12:18:31 SITE_ID：19 error:top.html fopen execute
2019/04/14 12:23:18 SITE_ID：19 error:top.html fopen execute
2019/04/14 12:41:53 SITE_ID：19 error:top.html fopen execute
2019/04/14 12:41:57 SITE_ID：19 error:top.html fopen execute
2019/04/14 12:46:00 SITE_ID：19 error:top.html fopen execute
2019/04/14 12:46:03 SITE_ID：19 error:top.html fopen execute
2019/04/14 12:46:04 SITE_ID：19 error:top.html fopen execute
2019/04/14 12:46:32 SITE_ID：19 error:top.html fopen execute
2019/04/14 12:47:35 SITE_ID：19 error:top.html fopen execute
2019/04/14 12:55:27 SITE_ID：19 stop:not update
2019/04/14 12:56:02 SITE_ID：19 stop:not update
2019/04/14 12:56:47 SITE_ID：19 stop:not update
2019/04/14 12:59:06 SITE_ID：19 stop:not update
2019/04/14 12:59:12 SITE_ID：19 stop:not update
2019/04/14 13:01:05 SITE_ID：19 stop:not update
2019/04/14 13:02:03 SITE_ID：19 stop:not update
2019/04/14 13:02:21 SITE_ID：19 stop:not update
2019/04/14 13:04:31 SITE_ID：19 error:get the lastmod data 
2019/04/14 13:07:26 SITE_ID：19 error:top.html fopen execute
2019/04/14 13:15:37 SITE_ID：19 error:top.html fopen execute
2019/04/14 13:19:43 SITE_ID：19 error:top.html fopen execute
2019/04/14 13:19:44 SITE_ID：19 error:top.html fopen execute
2019/04/14 13:19:58 SITE_ID：19 error:top.html fopen execute
2019/04/14 13:20:41 SITE_ID：19 stop:not update
2019/04/14 13:21:00 SITE_ID：19 stop:not update
2019/04/14 13:21:16 SITE_ID：19 error:top.html fopen execute
2019/04/14 13:23:09 SITE_ID：19 error:top.html fopen execute
2019/04/14 13:23:18 SITE_ID：19 error:top.html fopen execute
2019/04/14 13:27:45 SITE_ID：19 error:top.html fopen execute
2019/04/14 13:28:54 SITE_ID：19 error:top.html fopen execute
2019/04/14 13:28:58 SITE_ID：19 error:top.html fopen execute
2019/04/14 13:35:46 SITE_ID：19 error:top.html fopen execute
2019/04/14 13:35:47 SITE_ID：19 error:top.html fopen execute
2019/04/14 13:36:43 SITE_ID：19 error:top.html fopen execute
2019/04/14 13:37:01 SITE_ID：19 error:top.html fopen execute
2019/04/14 13:37:02 SITE_ID：19 error:top.html fopen execute
2019/04/14 13:40:20 SITE_ID：19 error:top.html fopen execute
2019/04/14 13:40:57 SITE_ID：19 error:index.html fopen execute
2019/04/14 13:42:57 SITE_ID：19 stop:not update
2019/04/14 13:43:15 SITE_ID：19 error:top.html fopen execute
2019/04/14 13:43:21 SITE_ID：19 error:top.html fopen execute
2019/04/14 13:43:24 SITE_ID：19 error:top.html fopen execute
2019/04/14 13:44:24 SITE_ID：19 stop:not update
2019/04/14 13:44:33 SITE_ID：19 error:top.html fopen execute
2019/04/14 13:45:32 SITE_ID：19 error:index.html fopen execute
2019/04/14 13:47:39 SITE_ID：19 stop:not update
2019/04/14 13:47:56 SITE_ID：19 error:index.html fopen execute
2019/04/14 13:52:39 SITE_ID：19 stop:not update
2019/04/14 13:52:52 SITE_ID：19 error:index.html fopen execute
2019/04/14 13:56:36 SITE_ID：19 error:index.html fopen execute
2019/04/14 13:57:20 SITE_ID：19 execute
2019/04/14 14:06:37 SITE_ID：19 execute
2019/04/14 14:11:37 SITE_ID：19 execute
2019/04/14 14:12:42 SITE_ID：19 execute
2019/04/14 14:27:47 SITE_ID：19 execute
2019/04/14 14:36:53 SITE_ID：19 execute
2019/04/14 14:40:49 SITE_ID：19 execute
2019/04/14 14:51:12 SITE_ID：19 execute
2019/04/14 15:02:55 SITE_ID：19 execute
2019/04/14 15:08:34 SITE_ID：19 execute
2019/04/14 15:11:46 SITE_ID：19 execute
2019/04/14 15:12:50 SITE_ID：19 execute
2019/04/15 12:13:25 SITE_ID：19 stop:not update
2019/04/15 12:13:49 SITE_ID：19 execute
2019/04/17 17:11:59 SITE_ID：19 execute
2019/04/17 17:12:22 SITE_ID：19 stop:not update
2019/06/19 00:48:29 SITE_ID：19 execute
2019/09/05 15:19:37 SITE_ID：19 execute
2019/09/05 15:34:34 SITE_ID：19 execute
2019/09/06 15:16:36 SITE_ID：19 execute
2019/09/06 15:52:38 SITE_ID：19 execute
2019/09/06 15:56:49 SITE_ID：19 execute
2019/09/18 11:55:39 SITE_ID：19 execute
2019/09/18 11:58:53 SITE_ID：19 execute
2019/10/31 12:16:16 SITE_ID：19 execute
2019/11/28 16:35:38 SITE_ID：19 execute
2019/12/24 16:15:01 SITE_ID：19 execute
2020/02/26 13:00:15 SITE_ID：19 execute
2020/05/01 04:22:54 SITE_ID：19 execute
2021/09/09 04:10:10 SITE_ID：19 execute
2021/09/09 07:21:06 SITE_ID：19 execute
